Dataset: 9398 baris
Mode mutation rate: phase_schedule
Kombinasi hyperparameter: 96
Jumlah seed per kombinasi: 5
Total eksekusi: 480
Output directory: outputs/ga_tuning/run_20260628_154437

[1/96] Menjalankan pop=20, gen=25, mut=(0.5/0.3/0.1), stagnant=5
  Seed 42 selesai (1/480) | DBI=0.5421 | Silhouette=0.5228 | 8.76s
  Seed 43 selesai (2/480) | DBI=0.5419 | Silhouette=0.5227 | 8.43s
  Seed 44 selesai (3/480) | DBI=0.5419 | Silhouette=0.5228 | 8.24s
  Seed 45 selesai (4/480) | DBI=0.5419 | Silhouette=0.5228 | 9.16s
  Seed 46 selesai (5/480) | DBI=0.5419 | Silhouette=0.5227 | 9.52s

[2/96] Menjalankan pop=20, gen=25, mut=(0.5/0.3/0.1), stagnant=10
  Seed 42 selesai (6/480) | DBI=0.5419 | Silhouette=0.5228 | 16.66s
  Seed 43 selesai (7/480) | DBI=0.542 | Silhouette=0.5227 | 16.47s
  Seed 44 selesai (8/480) | DBI=0.5419 | Silhouette=0.5228 | 16.46s
  Seed 45 selesai (9/480) | DBI=0.5419 | Silhouette=0.5228 | 16.24s
  Seed 46 selesai (10/480) | DBI=0.5419 | Silhouette=0.5228 | 16.35s

[3/96] Menjalankan pop=20, gen=25, mut=(0.5/0.3/0.15), stagnant=5
  Seed 42 selesai (11/480) | DBI=0.5421 | Silhouette=0.5228 | 9.79s
  Seed 43 selesai (12/480) | DBI=0.5419 | Silhouette=0.5227 | 9.52s
  Seed 44 selesai (13/480) | DBI=0.5419 | Silhouette=0.5228 | 9.63s
  Seed 45 selesai (14/480) | DBI=0.5419 | Silhouette=0.5228 | 9.76s
  Seed 46 selesai (15/480) | DBI=0.5419 | Silhouette=0.5227 | 9.43s

[4/96] Menjalankan pop=20, gen=25, mut=(0.5/0.3/0.15), stagnant=10
  Seed 42 selesai (16/480) | DBI=0.5421 | Silhouette=0.5228 | 15.94s
  Seed 43 selesai (17/480) | DBI=0.542 | Silhouette=0.5227 | 15.95s
  Seed 44 selesai (18/480) | DBI=0.5419 | Silhouette=0.5228 | 15.85s
  Seed 45 selesai (19/480) | DBI=0.5419 | Silhouette=0.5228 | 15.89s
  Seed 46 selesai (20/480) | DBI=0.5419 | Silhouette=0.5228 | 16.23s

[5/96] Menjalankan pop=20, gen=25, mut=(0.5/0.25/0.1), stagnant=5
  Seed 42 selesai (21/480) | DBI=0.5421 | Silhouette=0.5227 | 9.78s
  Seed 43 selesai (22/480) | DBI=0.5419 | Silhouette=0.5227 | 9.45s
  Seed 44 selesai (23/480) | DBI=0.5419 | Silhouette=0.5228 | 9.53s
  Seed 45 selesai (24/480) | DBI=0.5419 | Silhouette=0.5228 | 9.72s
  Seed 46 selesai (25/480) | DBI=0.5419 | Silhouette=0.5227 | 9.41s

[6/96] Menjalankan pop=20, gen=25, mut=(0.5/0.25/0.1), stagnant=10
  Seed 42 selesai (26/480) | DBI=0.5419 | Silhouette=0.5228 | 16.73s
  Seed 43 selesai (27/480) | DBI=0.5419 | Silhouette=0.5228 | 15.91s
  Seed 44 selesai (28/480) | DBI=0.5419 | Silhouette=0.5228 | 16.17s
  Seed 45 selesai (29/480) | DBI=0.5419 | Silhouette=0.5227 | 15.79s
  Seed 46 selesai (30/480) | DBI=0.5418 | Silhouette=0.5227 | 16.59s

[7/96] Menjalankan pop=20, gen=25, mut=(0.5/0.25/0.15), stagnant=5
  Seed 42 selesai (31/480) | DBI=0.5421 | Silhouette=0.5227 | 10.03s
  Seed 43 selesai (32/480) | DBI=0.5419 | Silhouette=0.5227 | 9.60s
  Seed 44 selesai (33/480) | DBI=0.5419 | Silhouette=0.5228 | 9.58s
  Seed 45 selesai (34/480) | DBI=0.5419 | Silhouette=0.5228 | 9.86s
  Seed 46 selesai (35/480) | DBI=0.5419 | Silhouette=0.5227 | 9.61s

[8/96] Menjalankan pop=20, gen=25, mut=(0.5/0.25/0.15), stagnant=10
  Seed 42 selesai (36/480) | DBI=0.5419 | Silhouette=0.5228 | 16.30s
  Seed 43 selesai (37/480) | DBI=0.5419 | Silhouette=0.5228 | 15.70s
  Seed 44 selesai (38/480) | DBI=0.5419 | Silhouette=0.5228 | 16.43s
  Seed 45 selesai (39/480) | DBI=0.5419 | Silhouette=0.5227 | 15.78s
  Seed 46 selesai (40/480) | DBI=0.5418 | Silhouette=0.5227 | 16.29s

[9/96] Menjalankan pop=20, gen=25, mut=(0.3/0.3/0.1), stagnant=5
  Seed 42 selesai (41/480) | DBI=0.5419 | Silhouette=0.5227 | 9.34s
  Seed 43 selesai (42/480) | DBI=0.5419 | Silhouette=0.5228 | 9.72s
  Seed 44 selesai (43/480) | DBI=0.5419 | Silhouette=0.5228 | 9.74s
  Seed 45 selesai (44/480) | DBI=0.5421 | Silhouette=0.5228 | 9.77s
  Seed 46 selesai (45/480) | DBI=0.5419 | Silhouette=0.5228 | 9.50s

[10/96] Menjalankan pop=20, gen=25, mut=(0.3/0.3/0.1), stagnant=10
  Seed 42 selesai (46/480) | DBI=0.5419 | Silhouette=0.5228 | 16.20s
  Seed 43 selesai (47/480) | DBI=0.5418 | Silhouette=0.5227 | 15.69s
  Seed 44 selesai (48/480) | DBI=0.5419 | Silhouette=0.5228 | 16.04s
  Seed 45 selesai (49/480) | DBI=0.5419 | Silhouette=0.5228 | 16.29s
  Seed 46 selesai (50/480) | DBI=0.5419 | Silhouette=0.5228 | 15.96s

[11/96] Menjalankan pop=20, gen=25, mut=(0.3/0.3/0.15), stagnant=5
  Seed 42 selesai (51/480) | DBI=0.5419 | Silhouette=0.5227 | 9.32s
  Seed 43 selesai (52/480) | DBI=0.5419 | Silhouette=0.5228 | 10.11s
  Seed 44 selesai (53/480) | DBI=0.5419 | Silhouette=0.5228 | 9.89s
  Seed 45 selesai (54/480) | DBI=0.5421 | Silhouette=0.5228 | 9.95s
  Seed 46 selesai (55/480) | DBI=0.5419 | Silhouette=0.5228 | 10.17s

[12/96] Menjalankan pop=20, gen=25, mut=(0.3/0.3/0.15), stagnant=10
  Seed 42 selesai (56/480) | DBI=0.5419 | Silhouette=0.5228 | 16.84s
  Seed 43 selesai (57/480) | DBI=0.5418 | Silhouette=0.5227 | 16.27s
  Seed 44 selesai (58/480) | DBI=0.5419 | Silhouette=0.5228 | 16.57s
  Seed 45 selesai (59/480) | DBI=0.5419 | Silhouette=0.5228 | 16.32s
  Seed 46 selesai (60/480) | DBI=0.5419 | Silhouette=0.5228 | 15.84s

[13/96] Menjalankan pop=20, gen=25, mut=(0.3/0.25/0.1), stagnant=5
  Seed 42 selesai (61/480) | DBI=0.5419 | Silhouette=0.5227 | 9.69s
  Seed 43 selesai (62/480) | DBI=0.5419 | Silhouette=0.5228 | 9.60s
  Seed 44 selesai (63/480) | DBI=0.5421 | Silhouette=0.5228 | 9.65s
  Seed 45 selesai (64/480) | DBI=0.5421 | Silhouette=0.5228 | 9.68s
  Seed 46 selesai (65/480) | DBI=0.5419 | Silhouette=0.5228 | 9.47s

[14/96] Menjalankan pop=20, gen=25, mut=(0.3/0.25/0.1), stagnant=10
  Seed 42 selesai (66/480) | DBI=0.5419 | Silhouette=0.5228 | 16.82s
  Seed 43 selesai (67/480) | DBI=0.5419 | Silhouette=0.5227 | 15.75s
  Seed 44 selesai (68/480) | DBI=0.5421 | Silhouette=0.5228 | 15.90s
  Seed 45 selesai (69/480) | DBI=0.5419 | Silhouette=0.5228 | 15.95s
  Seed 46 selesai (70/480) | DBI=0.5419 | Silhouette=0.5228 | 16.75s

[15/96] Menjalankan pop=20, gen=25, mut=(0.3/0.25/0.15), stagnant=5
  Seed 42 selesai (71/480) | DBI=0.5419 | Silhouette=0.5227 | 9.48s
  Seed 43 selesai (72/480) | DBI=0.5419 | Silhouette=0.5228 | 9.98s
  Seed 44 selesai (73/480) | DBI=0.5421 | Silhouette=0.5228 | 10.04s
  Seed 45 selesai (74/480) | DBI=0.5421 | Silhouette=0.5228 | 9.99s
  Seed 46 selesai (75/480) | DBI=0.5419 | Silhouette=0.5228 | 9.54s

[16/96] Menjalankan pop=20, gen=25, mut=(0.3/0.25/0.15), stagnant=10
  Seed 42 selesai (76/480) | DBI=0.5419 | Silhouette=0.5228 | 16.14s
  Seed 43 selesai (77/480) | DBI=0.5419 | Silhouette=0.5227 | 15.72s
  Seed 44 selesai (78/480) | DBI=0.5421 | Silhouette=0.5228 | 16.14s
  Seed 45 selesai (79/480) | DBI=0.5419 | Silhouette=0.5228 | 16.31s
  Seed 46 selesai (80/480) | DBI=0.5419 | Silhouette=0.5228 | 16.93s

[17/96] Menjalankan pop=20, gen=50, mut=(0.5/0.3/0.1), stagnant=5
  Seed 42 selesai (81/480) | DBI=0.5418 | Silhouette=0.5227 | 10.15s
  Seed 43 selesai (82/480) | DBI=0.5419 | Silhouette=0.5227 | 9.58s
  Seed 44 selesai (83/480) | DBI=0.5419 | Silhouette=0.5228 | 9.76s
  Seed 45 selesai (84/480) | DBI=0.5419 | Silhouette=0.5228 | 9.85s
  Seed 46 selesai (85/480) | DBI=0.5419 | Silhouette=0.5227 | 9.46s

[18/96] Menjalankan pop=20, gen=50, mut=(0.5/0.3/0.1), stagnant=10
  Seed 42 selesai (86/480) | DBI=0.5419 | Silhouette=0.5228 | 15.68s
  Seed 43 selesai (87/480) | DBI=0.5419 | Silhouette=0.5228 | 16.08s
  Seed 44 selesai (88/480) | DBI=0.5419 | Silhouette=0.5228 | 15.58s
  Seed 45 selesai (89/480) | DBI=0.5418 | Silhouette=0.5226 | 16.22s
  Seed 46 selesai (90/480) | DBI=0.5419 | Silhouette=0.5227 | 15.50s

[19/96] Menjalankan pop=20, gen=50, mut=(0.5/0.3/0.15), stagnant=5
  Seed 42 selesai (91/480) | DBI=0.5418 | Silhouette=0.5227 | 9.83s
  Seed 43 selesai (92/480) | DBI=0.5419 | Silhouette=0.5227 | 9.54s
  Seed 44 selesai (93/480) | DBI=0.5419 | Silhouette=0.5228 | 9.54s
  Seed 45 selesai (94/480) | DBI=0.5419 | Silhouette=0.5228 | 9.74s
  Seed 46 selesai (95/480) | DBI=0.5419 | Silhouette=0.5227 | 9.53s

[20/96] Menjalankan pop=20, gen=50, mut=(0.5/0.3/0.15), stagnant=10
  Seed 42 selesai (96/480) | DBI=0.5419 | Silhouette=0.5228 | 16.74s
  Seed 43 selesai (97/480) | DBI=0.5419 | Silhouette=0.5228 | 16.93s
  Seed 44 selesai (98/480) | DBI=0.5419 | Silhouette=0.5228 | 16.40s
  Seed 45 selesai (99/480) | DBI=0.5418 | Silhouette=0.5226 | 17.03s
  Seed 46 selesai (100/480) | DBI=0.5419 | Silhouette=0.5227 | 16.84s

[21/96] Menjalankan pop=20, gen=50, mut=(0.5/0.25/0.1), stagnant=5
  Seed 42 selesai (101/480) | DBI=0.5418 | Silhouette=0.5227 | 10.32s
  Seed 43 selesai (102/480) | DBI=0.5419 | Silhouette=0.5227 | 9.86s
  Seed 44 selesai (103/480) | DBI=0.5419 | Silhouette=0.5228 | 9.92s
  Seed 45 selesai (104/480) | DBI=0.5419 | Silhouette=0.5228 | 10.31s
  Seed 46 selesai (105/480) | DBI=0.5419 | Silhouette=0.5227 | 9.89s

[22/96] Menjalankan pop=20, gen=50, mut=(0.5/0.25/0.1), stagnant=10
  Seed 42 selesai (106/480) | DBI=0.5419 | Silhouette=0.5228 | 16.50s
  Seed 43 selesai (107/480) | DBI=0.5419 | Silhouette=0.5228 | 16.91s
  Seed 44 selesai (108/480) | DBI=0.5419 | Silhouette=0.5228 | 16.45s
  Seed 45 selesai (109/480) | DBI=0.5418 | Silhouette=0.5226 | 17.99s
  Seed 46 selesai (110/480) | DBI=0.5419 | Silhouette=0.5227 | 16.37s

[23/96] Menjalankan pop=20, gen=50, mut=(0.5/0.25/0.15), stagnant=5
  Seed 42 selesai (111/480) | DBI=0.5418 | Silhouette=0.5227 | 10.21s
  Seed 43 selesai (112/480) | DBI=0.5419 | Silhouette=0.5227 | 9.82s
  Seed 44 selesai (113/480) | DBI=0.5419 | Silhouette=0.5228 | 9.77s
  Seed 45 selesai (114/480) | DBI=0.5419 | Silhouette=0.5228 | 10.02s
  Seed 46 selesai (115/480) | DBI=0.5419 | Silhouette=0.5227 | 9.69s

[24/96] Menjalankan pop=20, gen=50, mut=(0.5/0.25/0.15), stagnant=10
  Seed 42 selesai (116/480) | DBI=0.5419 | Silhouette=0.5228 | 16.04s
  Seed 43 selesai (117/480) | DBI=0.5419 | Silhouette=0.5228 | 16.55s
  Seed 44 selesai (118/480) | DBI=0.5419 | Silhouette=0.5228 | 16.14s
  Seed 45 selesai (119/480) | DBI=0.5418 | Silhouette=0.5226 | 16.39s
  Seed 46 selesai (120/480) | DBI=0.5419 | Silhouette=0.5227 | 15.88s

[25/96] Menjalankan pop=20, gen=50, mut=(0.3/0.3/0.1), stagnant=5
  Seed 42 selesai (121/480) | DBI=0.5419 | Silhouette=0.5227 | 9.55s
  Seed 43 selesai (122/480) | DBI=0.5419 | Silhouette=0.5228 | 9.88s
  Seed 44 selesai (123/480) | DBI=0.5419 | Silhouette=0.5228 | 9.90s
  Seed 45 selesai (124/480) | DBI=0.5421 | Silhouette=0.5228 | 9.91s
  Seed 46 selesai (125/480) | DBI=0.5419 | Silhouette=0.5228 | 9.56s

[26/96] Menjalankan pop=20, gen=50, mut=(0.3/0.3/0.1), stagnant=10
  Seed 42 selesai (126/480) | DBI=0.5419 | Silhouette=0.5228 | 16.11s
  Seed 43 selesai (127/480) | DBI=0.5418 | Silhouette=0.5227 | 16.36s
  Seed 44 selesai (128/480) | DBI=0.5419 | Silhouette=0.5228 | 16.46s
  Seed 45 selesai (129/480) | DBI=0.5419 | Silhouette=0.5228 | 16.67s
  Seed 46 selesai (130/480) | DBI=0.5419 | Silhouette=0.5228 | 16.39s

[27/96] Menjalankan pop=20, gen=50, mut=(0.3/0.3/0.15), stagnant=5
  Seed 42 selesai (131/480) | DBI=0.5419 | Silhouette=0.5227 | 9.65s
  Seed 43 selesai (132/480) | DBI=0.5419 | Silhouette=0.5228 | 9.99s
  Seed 44 selesai (133/480) | DBI=0.5419 | Silhouette=0.5228 | 10.07s
  Seed 45 selesai (134/480) | DBI=0.5421 | Silhouette=0.5228 | 9.83s
  Seed 46 selesai (135/480) | DBI=0.5419 | Silhouette=0.5228 | 9.75s

[28/96] Menjalankan pop=20, gen=50, mut=(0.3/0.3/0.15), stagnant=10
  Seed 42 selesai (136/480) | DBI=0.5419 | Silhouette=0.5228 | 15.80s
  Seed 43 selesai (137/480) | DBI=0.5418 | Silhouette=0.5227 | 15.91s
  Seed 44 selesai (138/480) | DBI=0.5419 | Silhouette=0.5228 | 15.95s
  Seed 45 selesai (139/480) | DBI=0.5419 | Silhouette=0.5228 | 15.96s
  Seed 46 selesai (140/480) | DBI=0.5419 | Silhouette=0.5228 | 15.76s

[29/96] Menjalankan pop=20, gen=50, mut=(0.3/0.25/0.1), stagnant=5
  Seed 42 selesai (141/480) | DBI=0.5419 | Silhouette=0.5227 | 9.36s
  Seed 43 selesai (142/480) | DBI=0.5419 | Silhouette=0.5228 | 9.73s
  Seed 44 selesai (143/480) | DBI=0.5419 | Silhouette=0.5228 | 9.66s
  Seed 45 selesai (144/480) | DBI=0.5421 | Silhouette=0.5228 | 9.53s
  Seed 46 selesai (145/480) | DBI=0.5419 | Silhouette=0.5228 | 9.25s

[30/96] Menjalankan pop=20, gen=50, mut=(0.3/0.25/0.1), stagnant=10
  Seed 42 selesai (146/480) | DBI=0.5419 | Silhouette=0.5228 | 15.61s
  Seed 43 selesai (147/480) | DBI=0.5418 | Silhouette=0.5227 | 15.91s
  Seed 44 selesai (148/480) | DBI=0.5419 | Silhouette=0.5228 | 16.10s
  Seed 45 selesai (149/480) | DBI=0.5419 | Silhouette=0.5228 | 16.19s
  Seed 46 selesai (150/480) | DBI=0.5419 | Silhouette=0.5228 | 15.72s

[31/96] Menjalankan pop=20, gen=50, mut=(0.3/0.25/0.15), stagnant=5
  Seed 42 selesai (151/480) | DBI=0.5419 | Silhouette=0.5227 | 9.28s
  Seed 43 selesai (152/480) | DBI=0.5419 | Silhouette=0.5228 | 9.66s
  Seed 44 selesai (153/480) | DBI=0.5419 | Silhouette=0.5228 | 9.64s
  Seed 45 selesai (154/480) | DBI=0.5421 | Silhouette=0.5228 | 9.59s
  Seed 46 selesai (155/480) | DBI=0.5419 | Silhouette=0.5228 | 9.37s

[32/96] Menjalankan pop=20, gen=50, mut=(0.3/0.25/0.15), stagnant=10
  Seed 42 selesai (156/480) | DBI=0.5419 | Silhouette=0.5228 | 15.49s
  Seed 43 selesai (157/480) | DBI=0.5418 | Silhouette=0.5227 | 15.70s
  Seed 44 selesai (158/480) | DBI=0.5419 | Silhouette=0.5228 | 15.78s
  Seed 45 selesai (159/480) | DBI=0.5419 | Silhouette=0.5228 | 16.08s
  Seed 46 selesai (160/480) | DBI=0.5419 | Silhouette=0.5228 | 16.02s

[33/96] Menjalankan pop=30, gen=25, mut=(0.5/0.3/0.1), stagnant=5
  Seed 42 selesai (161/480) | DBI=0.5419 | Silhouette=0.5228 | 13.73s
  Seed 43 selesai (162/480) | DBI=0.5419 | Silhouette=0.5228 | 12.58s
  Seed 44 selesai (163/480) | DBI=0.5419 | Silhouette=0.5228 | 12.41s
  Seed 45 selesai (164/480) | DBI=0.5419 | Silhouette=0.5228 | 12.71s
  Seed 46 selesai (165/480) | DBI=0.5419 | Silhouette=0.5228 | 12.63s

[34/96] Menjalankan pop=30, gen=25, mut=(0.5/0.3/0.1), stagnant=10
  Seed 42 selesai (166/480) | DBI=0.5419 | Silhouette=0.5228 | 21.49s
  Seed 43 selesai (167/480) | DBI=0.5419 | Silhouette=0.5228 | 22.05s
  Seed 44 selesai (168/480) | DBI=0.5419 | Silhouette=0.5228 | 21.69s
  Seed 45 selesai (169/480) | DBI=0.5419 | Silhouette=0.5228 | 21.26s
  Seed 46 selesai (170/480) | DBI=0.5419 | Silhouette=0.5228 | 21.87s

[35/96] Menjalankan pop=30, gen=25, mut=(0.5/0.3/0.15), stagnant=5
  Seed 42 selesai (171/480) | DBI=0.5419 | Silhouette=0.5228 | 13.28s
  Seed 43 selesai (172/480) | DBI=0.5419 | Silhouette=0.5228 | 12.52s
  Seed 44 selesai (173/480) | DBI=0.5419 | Silhouette=0.5228 | 12.51s
  Seed 45 selesai (174/480) | DBI=0.5419 | Silhouette=0.5228 | 12.69s
  Seed 46 selesai (175/480) | DBI=0.5419 | Silhouette=0.5228 | 12.53s

[36/96] Menjalankan pop=30, gen=25, mut=(0.5/0.3/0.15), stagnant=10
  Seed 42 selesai (176/480) | DBI=0.5419 | Silhouette=0.5228 | 21.65s
  Seed 43 selesai (177/480) | DBI=0.5419 | Silhouette=0.5228 | 21.88s
  Seed 44 selesai (178/480) | DBI=0.5419 | Silhouette=0.5228 | 21.76s
  Seed 45 selesai (179/480) | DBI=0.5419 | Silhouette=0.5228 | 21.52s
  Seed 46 selesai (180/480) | DBI=0.5419 | Silhouette=0.5228 | 22.08s

[37/96] Menjalankan pop=30, gen=25, mut=(0.5/0.25/0.1), stagnant=5
  Seed 42 selesai (181/480) | DBI=0.542 | Silhouette=0.5227 | 13.09s
  Seed 43 selesai (182/480) | DBI=0.5419 | Silhouette=0.5228 | 12.52s
  Seed 44 selesai (183/480) | DBI=0.5419 | Silhouette=0.5228 | 12.37s
  Seed 45 selesai (184/480) | DBI=0.5419 | Silhouette=0.5228 | 12.69s
  Seed 46 selesai (185/480) | DBI=0.5419 | Silhouette=0.5228 | 12.41s

[38/96] Menjalankan pop=30, gen=25, mut=(0.5/0.25/0.1), stagnant=10
  Seed 42 selesai (186/480) | DBI=0.5419 | Silhouette=0.5228 | 21.43s
  Seed 43 selesai (187/480) | DBI=0.5418 | Silhouette=0.5226 | 21.73s
  Seed 44 selesai (188/480) | DBI=0.5418 | Silhouette=0.5226 | 21.19s
  Seed 45 selesai (189/480) | DBI=0.5419 | Silhouette=0.5228 | 21.92s
  Seed 46 selesai (190/480) | DBI=0.5419 | Silhouette=0.5228 | 20.99s

[39/96] Menjalankan pop=30, gen=25, mut=(0.5/0.25/0.15), stagnant=5
  Seed 42 selesai (191/480) | DBI=0.542 | Silhouette=0.5227 | 13.09s
  Seed 43 selesai (192/480) | DBI=0.5419 | Silhouette=0.5228 | 13.95s
  Seed 44 selesai (193/480) | DBI=0.5419 | Silhouette=0.5228 | 12.94s
  Seed 45 selesai (194/480) | DBI=0.5419 | Silhouette=0.5228 | 12.97s
  Seed 46 selesai (195/480) | DBI=0.5419 | Silhouette=0.5228 | 12.76s

[40/96] Menjalankan pop=30, gen=25, mut=(0.5/0.25/0.15), stagnant=10
  Seed 42 selesai (196/480) | DBI=0.5419 | Silhouette=0.5228 | 21.91s
  Seed 43 selesai (197/480) | DBI=0.5418 | Silhouette=0.5226 | 22.03s
  Seed 44 selesai (198/480) | DBI=0.5418 | Silhouette=0.5226 | 21.30s
  Seed 45 selesai (199/480) | DBI=0.5419 | Silhouette=0.5228 | 22.38s
  Seed 46 selesai (200/480) | DBI=0.5419 | Silhouette=0.5228 | 21.24s

[41/96] Menjalankan pop=30, gen=25, mut=(0.3/0.3/0.1), stagnant=5
  Seed 42 selesai (201/480) | DBI=0.5419 | Silhouette=0.5227 | 12.42s
  Seed 43 selesai (202/480) | DBI=0.5419 | Silhouette=0.5228 | 12.47s
  Seed 44 selesai (203/480) | DBI=0.5419 | Silhouette=0.5228 | 12.50s
  Seed 45 selesai (204/480) | DBI=0.5419 | Silhouette=0.5228 | 12.52s
  Seed 46 selesai (205/480) | DBI=0.5419 | Silhouette=0.5228 | 12.60s

[42/96] Menjalankan pop=30, gen=25, mut=(0.3/0.3/0.1), stagnant=10
  Seed 42 selesai (206/480) | DBI=0.5419 | Silhouette=0.5228 | 22.35s
  Seed 43 selesai (207/480) | DBI=0.5419 | Silhouette=0.5228 | 21.51s
  Seed 44 selesai (208/480) | DBI=0.5419 | Silhouette=0.5228 | 21.83s
  Seed 45 selesai (209/480) | DBI=0.5418 | Silhouette=0.5227 | 21.32s
  Seed 46 selesai (210/480) | DBI=0.5419 | Silhouette=0.5228 | 21.70s

[43/96] Menjalankan pop=30, gen=25, mut=(0.3/0.3/0.15), stagnant=5
  Seed 42 selesai (211/480) | DBI=0.5419 | Silhouette=0.5227 | 12.40s
  Seed 43 selesai (212/480) | DBI=0.5419 | Silhouette=0.5228 | 12.27s
  Seed 44 selesai (213/480) | DBI=0.5419 | Silhouette=0.5228 | 12.29s
  Seed 45 selesai (214/480) | DBI=0.5419 | Silhouette=0.5228 | 12.36s
  Seed 46 selesai (215/480) | DBI=0.5419 | Silhouette=0.5228 | 12.54s

[44/96] Menjalankan pop=30, gen=25, mut=(0.3/0.3/0.15), stagnant=10
  Seed 42 selesai (216/480) | DBI=0.5419 | Silhouette=0.5228 | 22.09s
  Seed 43 selesai (217/480) | DBI=0.5419 | Silhouette=0.5228 | 21.59s
  Seed 44 selesai (218/480) | DBI=0.5419 | Silhouette=0.5228 | 21.99s
  Seed 45 selesai (219/480) | DBI=0.5418 | Silhouette=0.5227 | 21.40s
  Seed 46 selesai (220/480) | DBI=0.5419 | Silhouette=0.5228 | 21.68s

[45/96] Menjalankan pop=30, gen=25, mut=(0.3/0.25/0.1), stagnant=5
  Seed 42 selesai (221/480) | DBI=0.5419 | Silhouette=0.5227 | 12.35s
  Seed 43 selesai (222/480) | DBI=0.5419 | Silhouette=0.5228 | 12.43s
  Seed 44 selesai (223/480) | DBI=0.5419 | Silhouette=0.5228 | 12.41s
  Seed 45 selesai (224/480) | DBI=0.5419 | Silhouette=0.5228 | 12.42s
  Seed 46 selesai (225/480) | DBI=0.5419 | Silhouette=0.5228 | 12.68s

[46/96] Menjalankan pop=30, gen=25, mut=(0.3/0.25/0.1), stagnant=10
  Seed 42 selesai (226/480) | DBI=0.5421 | Silhouette=0.5228 | 21.51s
  Seed 43 selesai (227/480) | DBI=0.5419 | Silhouette=0.5228 | 21.99s
  Seed 44 selesai (228/480) | DBI=0.5419 | Silhouette=0.5228 | 21.14s
  Seed 45 selesai (229/480) | DBI=0.5419 | Silhouette=0.5228 | 21.15s
  Seed 46 selesai (230/480) | DBI=0.5419 | Silhouette=0.5228 | 21.89s

[47/96] Menjalankan pop=30, gen=25, mut=(0.3/0.25/0.15), stagnant=5
  Seed 42 selesai (231/480) | DBI=0.5419 | Silhouette=0.5227 | 12.37s
  Seed 43 selesai (232/480) | DBI=0.5419 | Silhouette=0.5228 | 12.56s
  Seed 44 selesai (233/480) | DBI=0.5419 | Silhouette=0.5228 | 12.61s
  Seed 45 selesai (234/480) | DBI=0.5419 | Silhouette=0.5228 | 12.38s
  Seed 46 selesai (235/480) | DBI=0.5419 | Silhouette=0.5228 | 12.68s

[48/96] Menjalankan pop=30, gen=25, mut=(0.3/0.25/0.15), stagnant=10
  Seed 42 selesai (236/480) | DBI=0.5419 | Silhouette=0.5228 | 21.74s
  Seed 43 selesai (237/480) | DBI=0.5419 | Silhouette=0.5228 | 21.90s
  Seed 44 selesai (238/480) | DBI=0.5419 | Silhouette=0.5228 | 20.96s
  Seed 45 selesai (239/480) | DBI=0.5419 | Silhouette=0.5228 | 21.03s
  Seed 46 selesai (240/480) | DBI=0.5419 | Silhouette=0.5228 | 21.62s

[49/96] Menjalankan pop=30, gen=50, mut=(0.5/0.3/0.1), stagnant=5
  Seed 42 selesai (241/480) | DBI=0.5419 | Silhouette=0.5228 | 12.76s
  Seed 43 selesai (242/480) | DBI=0.5419 | Silhouette=0.5228 | 12.43s
  Seed 44 selesai (243/480) | DBI=0.5419 | Silhouette=0.5228 | 12.23s
  Seed 45 selesai (244/480) | DBI=0.5419 | Silhouette=0.5228 | 12.60s
  Seed 46 selesai (245/480) | DBI=0.5419 | Silhouette=0.5228 | 12.42s

[50/96] Menjalankan pop=30, gen=50, mut=(0.5/0.3/0.1), stagnant=10
  Seed 42 selesai (246/480) | DBI=0.5419 | Silhouette=0.5228 | 22.87s
  Seed 43 selesai (247/480) | DBI=0.5419 | Silhouette=0.5228 | 21.54s
  Seed 44 selesai (248/480) | DBI=0.5419 | Silhouette=0.5228 | 21.22s
  Seed 45 selesai (249/480) | DBI=0.5419 | Silhouette=0.5228 | 21.33s
  Seed 46 selesai (250/480) | DBI=0.5419 | Silhouette=0.5227 | 20.89s

[51/96] Menjalankan pop=30, gen=50, mut=(0.5/0.3/0.15), stagnant=5
  Seed 42 selesai (251/480) | DBI=0.5419 | Silhouette=0.5228 | 12.60s
  Seed 43 selesai (252/480) | DBI=0.5419 | Silhouette=0.5228 | 12.38s
  Seed 44 selesai (253/480) | DBI=0.5419 | Silhouette=0.5228 | 12.27s
  Seed 45 selesai (254/480) | DBI=0.5419 | Silhouette=0.5228 | 12.99s
  Seed 46 selesai (255/480) | DBI=0.5419 | Silhouette=0.5228 | 12.57s

[52/96] Menjalankan pop=30, gen=50, mut=(0.5/0.3/0.15), stagnant=10
  Seed 42 selesai (256/480) | DBI=0.5419 | Silhouette=0.5228 | 22.65s
  Seed 43 selesai (257/480) | DBI=0.5419 | Silhouette=0.5228 | 21.32s
  Seed 44 selesai (258/480) | DBI=0.5419 | Silhouette=0.5228 | 21.20s
  Seed 45 selesai (259/480) | DBI=0.5419 | Silhouette=0.5228 | 21.30s
  Seed 46 selesai (260/480) | DBI=0.5419 | Silhouette=0.5227 | 20.91s

[53/96] Menjalankan pop=30, gen=50, mut=(0.5/0.25/0.1), stagnant=5
  Seed 42 selesai (261/480) | DBI=0.5419 | Silhouette=0.5228 | 12.77s
  Seed 43 selesai (262/480) | DBI=0.5419 | Silhouette=0.5228 | 12.36s
  Seed 44 selesai (263/480) | DBI=0.5419 | Silhouette=0.5228 | 12.18s
  Seed 45 selesai (264/480) | DBI=0.5419 | Silhouette=0.5228 | 12.40s
  Seed 46 selesai (265/480) | DBI=0.5419 | Silhouette=0.5228 | 12.30s

[54/96] Menjalankan pop=30, gen=50, mut=(0.5/0.25/0.1), stagnant=10
  Seed 42 selesai (266/480) | DBI=0.5419 | Silhouette=0.5228 | 22.07s
  Seed 43 selesai (267/480) | DBI=0.5419 | Silhouette=0.5228 | 21.14s
  Seed 44 selesai (268/480) | DBI=0.5419 | Silhouette=0.5228 | 21.16s
  Seed 45 selesai (269/480) | DBI=0.5419 | Silhouette=0.5228 | 21.16s
  Seed 46 selesai (270/480) | DBI=0.5419 | Silhouette=0.5227 | 20.86s

[55/96] Menjalankan pop=30, gen=50, mut=(0.5/0.25/0.15), stagnant=5
  Seed 42 selesai (271/480) | DBI=0.5419 | Silhouette=0.5228 | 12.69s
  Seed 43 selesai (272/480) | DBI=0.5419 | Silhouette=0.5228 | 12.36s
  Seed 44 selesai (273/480) | DBI=0.5419 | Silhouette=0.5228 | 12.20s
  Seed 45 selesai (274/480) | DBI=0.5419 | Silhouette=0.5228 | 12.76s
  Seed 46 selesai (275/480) | DBI=0.5419 | Silhouette=0.5228 | 12.29s

[56/96] Menjalankan pop=30, gen=50, mut=(0.5/0.25/0.15), stagnant=10
  Seed 42 selesai (276/480) | DBI=0.5419 | Silhouette=0.5228 | 22.16s
  Seed 43 selesai (277/480) | DBI=0.5419 | Silhouette=0.5228 | 21.23s
  Seed 44 selesai (278/480) | DBI=0.5419 | Silhouette=0.5228 | 21.51s
  Seed 45 selesai (279/480) | DBI=0.5419 | Silhouette=0.5228 | 21.38s
  Seed 46 selesai (280/480) | DBI=0.5419 | Silhouette=0.5227 | 21.40s

[57/96] Menjalankan pop=30, gen=50, mut=(0.3/0.3/0.1), stagnant=5
  Seed 42 selesai (281/480) | DBI=0.5419 | Silhouette=0.5227 | 12.34s
  Seed 43 selesai (282/480) | DBI=0.5419 | Silhouette=0.5228 | 12.30s
  Seed 44 selesai (283/480) | DBI=0.5419 | Silhouette=0.5228 | 12.38s
  Seed 45 selesai (284/480) | DBI=0.5419 | Silhouette=0.5228 | 12.91s
  Seed 46 selesai (285/480) | DBI=0.5419 | Silhouette=0.5228 | 13.18s

[58/96] Menjalankan pop=30, gen=50, mut=(0.3/0.3/0.1), stagnant=10
  Seed 42 selesai (286/480) | DBI=0.5419 | Silhouette=0.5228 | 21.49s
  Seed 43 selesai (287/480) | DBI=0.5419 | Silhouette=0.5228 | 22.25s
  Seed 44 selesai (288/480) | DBI=0.5419 | Silhouette=0.5228 | 22.43s
  Seed 45 selesai (289/480) | DBI=0.5418 | Silhouette=0.5227 | 21.74s
  Seed 46 selesai (290/480) | DBI=0.5419 | Silhouette=0.5228 | 23.12s

[59/96] Menjalankan pop=30, gen=50, mut=(0.3/0.3/0.15), stagnant=5
  Seed 42 selesai (291/480) | DBI=0.5419 | Silhouette=0.5227 | 12.46s
  Seed 43 selesai (292/480) | DBI=0.5419 | Silhouette=0.5228 | 12.95s
  Seed 44 selesai (293/480) | DBI=0.5419 | Silhouette=0.5228 | 12.67s
  Seed 45 selesai (294/480) | DBI=0.5419 | Silhouette=0.5228 | 12.63s
  Seed 46 selesai (295/480) | DBI=0.5419 | Silhouette=0.5228 | 12.86s

[60/96] Menjalankan pop=30, gen=50, mut=(0.3/0.3/0.15), stagnant=10
  Seed 42 selesai (296/480) | DBI=0.5419 | Silhouette=0.5228 | 21.22s
  Seed 43 selesai (297/480) | DBI=0.5419 | Silhouette=0.5228 | 22.22s
  Seed 44 selesai (298/480) | DBI=0.5419 | Silhouette=0.5228 | 22.20s
  Seed 45 selesai (299/480) | DBI=0.5418 | Silhouette=0.5227 | 21.69s
  Seed 46 selesai (300/480) | DBI=0.5419 | Silhouette=0.5228 | 22.76s

[61/96] Menjalankan pop=30, gen=50, mut=(0.3/0.25/0.1), stagnant=5
  Seed 42 selesai (301/480) | DBI=0.5419 | Silhouette=0.5227 | 12.58s
  Seed 43 selesai (302/480) | DBI=0.5419 | Silhouette=0.5228 | 12.54s
  Seed 44 selesai (303/480) | DBI=0.5419 | Silhouette=0.5228 | 12.52s
  Seed 45 selesai (304/480) | DBI=0.5419 | Silhouette=0.5228 | 12.65s
  Seed 46 selesai (305/480) | DBI=0.5419 | Silhouette=0.5228 | 12.83s

[62/96] Menjalankan pop=30, gen=50, mut=(0.3/0.25/0.1), stagnant=10
  Seed 42 selesai (306/480) | DBI=0.5419 | Silhouette=0.5228 | 21.23s
  Seed 43 selesai (307/480) | DBI=0.5419 | Silhouette=0.5228 | 22.22s
  Seed 44 selesai (308/480) | DBI=0.5419 | Silhouette=0.5228 | 22.38s
  Seed 45 selesai (309/480) | DBI=0.5418 | Silhouette=0.5227 | 21.61s
  Seed 46 selesai (310/480) | DBI=0.5419 | Silhouette=0.5228 | 23.16s

[63/96] Menjalankan pop=30, gen=50, mut=(0.3/0.25/0.15), stagnant=5
  Seed 42 selesai (311/480) | DBI=0.5419 | Silhouette=0.5227 | 12.48s
  Seed 43 selesai (312/480) | DBI=0.5419 | Silhouette=0.5228 | 12.48s
  Seed 44 selesai (313/480) | DBI=0.5419 | Silhouette=0.5228 | 12.52s
  Seed 45 selesai (314/480) | DBI=0.5419 | Silhouette=0.5228 | 12.72s
  Seed 46 selesai (315/480) | DBI=0.5419 | Silhouette=0.5228 | 12.80s

[64/96] Menjalankan pop=30, gen=50, mut=(0.3/0.25/0.15), stagnant=10
  Seed 42 selesai (316/480) | DBI=0.5419 | Silhouette=0.5228 | 21.20s
  Seed 43 selesai (317/480) | DBI=0.5419 | Silhouette=0.5228 | 22.22s
  Seed 44 selesai (318/480) | DBI=0.5419 | Silhouette=0.5228 | 22.24s
  Seed 45 selesai (319/480) | DBI=0.5418 | Silhouette=0.5227 | 21.64s
  Seed 46 selesai (320/480) | DBI=0.5419 | Silhouette=0.5228 | 23.06s

[65/96] Menjalankan pop=50, gen=25, mut=(0.5/0.3/0.1), stagnant=5
  Seed 42 selesai (321/480) | DBI=0.5419 | Silhouette=0.5228 | 18.81s
  Seed 43 selesai (322/480) | DBI=0.5419 | Silhouette=0.5228 | 19.43s
  Seed 44 selesai (323/480) | DBI=0.5419 | Silhouette=0.5228 | 19.85s
  Seed 45 selesai (324/480) | DBI=0.5418 | Silhouette=0.5227 | 19.77s
  Seed 46 selesai (325/480) | DBI=0.5419 | Silhouette=0.5228 | 18.78s

[66/96] Menjalankan pop=50, gen=25, mut=(0.5/0.3/0.1), stagnant=10
  Seed 42 selesai (326/480) | DBI=0.5419 | Silhouette=0.5228 | 33.18s
  Seed 43 selesai (327/480) | DBI=0.5418 | Silhouette=0.5227 | 34.04s
  Seed 44 selesai (328/480) | DBI=0.5419 | Silhouette=0.5228 | 33.15s
  Seed 45 selesai (329/480) | DBI=0.5419 | Silhouette=0.5228 | 33.51s
  Seed 46 selesai (330/480) | DBI=0.5419 | Silhouette=0.5228 | 34.15s

[67/96] Menjalankan pop=50, gen=25, mut=(0.5/0.3/0.15), stagnant=5
  Seed 42 selesai (331/480) | DBI=0.5419 | Silhouette=0.5228 | 18.87s
  Seed 43 selesai (332/480) | DBI=0.5419 | Silhouette=0.5228 | 19.62s
  Seed 44 selesai (333/480) | DBI=0.5419 | Silhouette=0.5228 | 19.56s
  Seed 45 selesai (334/480) | DBI=0.5418 | Silhouette=0.5227 | 19.76s
  Seed 46 selesai (335/480) | DBI=0.5419 | Silhouette=0.5228 | 18.88s

[68/96] Menjalankan pop=50, gen=25, mut=(0.5/0.3/0.15), stagnant=10
  Seed 42 selesai (336/480) | DBI=0.5419 | Silhouette=0.5228 | 33.22s
  Seed 43 selesai (337/480) | DBI=0.5418 | Silhouette=0.5227 | 33.77s
  Seed 44 selesai (338/480) | DBI=0.5419 | Silhouette=0.5228 | 32.89s
  Seed 45 selesai (339/480) | DBI=0.5419 | Silhouette=0.5228 | 33.68s
  Seed 46 selesai (340/480) | DBI=0.5419 | Silhouette=0.5228 | 33.81s

[69/96] Menjalankan pop=50, gen=25, mut=(0.5/0.25/0.1), stagnant=5
  Seed 42 selesai (341/480) | DBI=0.5419 | Silhouette=0.5228 | 18.74s
  Seed 43 selesai (342/480) | DBI=0.5419 | Silhouette=0.5228 | 19.85s
  Seed 44 selesai (343/480) | DBI=0.5419 | Silhouette=0.5228 | 19.54s
  Seed 45 selesai (344/480) | DBI=0.5419 | Silhouette=0.5228 | 20.63s
  Seed 46 selesai (345/480) | DBI=0.5419 | Silhouette=0.5228 | 18.72s

[70/96] Menjalankan pop=50, gen=25, mut=(0.5/0.25/0.1), stagnant=10
  Seed 42 selesai (346/480) | DBI=0.5419 | Silhouette=0.5228 | 32.52s
  Seed 43 selesai (347/480) | DBI=0.5419 | Silhouette=0.5228 | 32.79s
  Seed 44 selesai (348/480) | DBI=0.5419 | Silhouette=0.5228 | 33.89s
  Seed 45 selesai (349/480) | DBI=0.5419 | Silhouette=0.5228 | 32.89s
  Seed 46 selesai (350/480) | DBI=0.5419 | Silhouette=0.5228 | 32.98s

[71/96] Menjalankan pop=50, gen=25, mut=(0.5/0.25/0.15), stagnant=5
  Seed 42 selesai (351/480) | DBI=0.5419 | Silhouette=0.5228 | 18.39s
  Seed 43 selesai (352/480) | DBI=0.5419 | Silhouette=0.5228 | 19.26s
  Seed 44 selesai (353/480) | DBI=0.5419 | Silhouette=0.5228 | 19.06s
  Seed 45 selesai (354/480) | DBI=0.5419 | Silhouette=0.5228 | 18.93s
  Seed 46 selesai (355/480) | DBI=0.5419 | Silhouette=0.5228 | 18.28s

[72/96] Menjalankan pop=50, gen=25, mut=(0.5/0.25/0.15), stagnant=10
  Seed 42 selesai (356/480) | DBI=0.5419 | Silhouette=0.5228 | 31.94s
  Seed 43 selesai (357/480) | DBI=0.5419 | Silhouette=0.5228 | 32.35s
  Seed 44 selesai (358/480) | DBI=0.5419 | Silhouette=0.5228 | 33.54s
  Seed 45 selesai (359/480) | DBI=0.5419 | Silhouette=0.5228 | 32.38s
  Seed 46 selesai (360/480) | DBI=0.5418 | Silhouette=0.5227 | 32.93s

[73/96] Menjalankan pop=50, gen=25, mut=(0.3/0.3/0.1), stagnant=5
  Seed 42 selesai (361/480) | DBI=0.5419 | Silhouette=0.5228 | 18.28s
  Seed 43 selesai (362/480) | DBI=0.5419 | Silhouette=0.5227 | 17.95s
  Seed 44 selesai (363/480) | DBI=0.5419 | Silhouette=0.5228 | 18.22s
  Seed 45 selesai (364/480) | DBI=0.5419 | Silhouette=0.5228 | 18.58s
  Seed 46 selesai (365/480) | DBI=0.5419 | Silhouette=0.5228 | 18.32s

[74/96] Menjalankan pop=50, gen=25, mut=(0.3/0.3/0.1), stagnant=10
  Seed 42 selesai (366/480) | DBI=0.5418 | Silhouette=0.5227 | 31.88s
  Seed 43 selesai (367/480) | DBI=0.5419 | Silhouette=0.5228 | 31.36s
  Seed 44 selesai (368/480) | DBI=0.5418 | Silhouette=0.5227 | 34.15s
  Seed 45 selesai (369/480) | DBI=0.5419 | Silhouette=0.5228 | 33.18s
  Seed 46 selesai (370/480) | DBI=0.5419 | Silhouette=0.5228 | 32.75s

[75/96] Menjalankan pop=50, gen=25, mut=(0.3/0.3/0.15), stagnant=5
  Seed 42 selesai (371/480) | DBI=0.5419 | Silhouette=0.5228 | 18.27s
  Seed 43 selesai (372/480) | DBI=0.5419 | Silhouette=0.5227 | 18.01s
  Seed 44 selesai (373/480) | DBI=0.5419 | Silhouette=0.5228 | 18.27s
  Seed 45 selesai (374/480) | DBI=0.5419 | Silhouette=0.5228 | 18.60s
  Seed 46 selesai (375/480) | DBI=0.5419 | Silhouette=0.5228 | 18.32s

[76/96] Menjalankan pop=50, gen=25, mut=(0.3/0.3/0.15), stagnant=10
  Seed 42 selesai (376/480) | DBI=0.5418 | Silhouette=0.5227 | 32.30s
  Seed 43 selesai (377/480) | DBI=0.5419 | Silhouette=0.5228 | 31.95s
  Seed 44 selesai (378/480) | DBI=0.5418 | Silhouette=0.5227 | 34.23s
  Seed 45 selesai (379/480) | DBI=0.5419 | Silhouette=0.5228 | 33.57s
  Seed 46 selesai (380/480) | DBI=0.5419 | Silhouette=0.5228 | 32.88s

[77/96] Menjalankan pop=50, gen=25, mut=(0.3/0.25/0.1), stagnant=5
  Seed 42 selesai (381/480) | DBI=0.5419 | Silhouette=0.5228 | 18.34s
  Seed 43 selesai (382/480) | DBI=0.5419 | Silhouette=0.5227 | 18.01s
  Seed 44 selesai (383/480) | DBI=0.5419 | Silhouette=0.5228 | 18.48s
  Seed 45 selesai (384/480) | DBI=0.5418 | Silhouette=0.5227 | 20.28s
  Seed 46 selesai (385/480) | DBI=0.5419 | Silhouette=0.5228 | 19.03s

[78/96] Menjalankan pop=50, gen=25, mut=(0.3/0.25/0.1), stagnant=10
  Seed 42 selesai (386/480) | DBI=0.5419 | Silhouette=0.5228 | 32.92s
  Seed 43 selesai (387/480) | DBI=0.5419 | Silhouette=0.5228 | 32.67s
  Seed 44 selesai (388/480) | DBI=0.5419 | Silhouette=0.5228 | 32.06s
  Seed 45 selesai (389/480) | DBI=0.5419 | Silhouette=0.5228 | 32.49s
  Seed 46 selesai (390/480) | DBI=0.5419 | Silhouette=0.5228 | 32.31s

[79/96] Menjalankan pop=50, gen=25, mut=(0.3/0.25/0.15), stagnant=5
  Seed 42 selesai (391/480) | DBI=0.5419 | Silhouette=0.5228 | 18.30s
  Seed 43 selesai (392/480) | DBI=0.5419 | Silhouette=0.5227 | 17.88s
  Seed 44 selesai (393/480) | DBI=0.5419 | Silhouette=0.5228 | 18.27s
  Seed 45 selesai (394/480) | DBI=0.5418 | Silhouette=0.5227 | 18.89s
  Seed 46 selesai (395/480) | DBI=0.5419 | Silhouette=0.5228 | 18.13s

[80/96] Menjalankan pop=50, gen=25, mut=(0.3/0.25/0.15), stagnant=10
  Seed 42 selesai (396/480) | DBI=0.5419 | Silhouette=0.5228 | 32.28s
  Seed 43 selesai (397/480) | DBI=0.5419 | Silhouette=0.5228 | 31.79s
  Seed 44 selesai (398/480) | DBI=0.5419 | Silhouette=0.5228 | 31.11s
  Seed 45 selesai (399/480) | DBI=0.5419 | Silhouette=0.5228 | 31.90s
  Seed 46 selesai (400/480) | DBI=0.5418 | Silhouette=0.5227 | 32.65s

[81/96] Menjalankan pop=50, gen=50, mut=(0.5/0.3/0.1), stagnant=5
  Seed 42 selesai (401/480) | DBI=0.5419 | Silhouette=0.5228 | 17.80s
  Seed 43 selesai (402/480) | DBI=0.5419 | Silhouette=0.5228 | 18.55s
  Seed 44 selesai (403/480) | DBI=0.5419 | Silhouette=0.5228 | 18.48s
  Seed 45 selesai (404/480) | DBI=0.5419 | Silhouette=0.5228 | 18.35s
  Seed 46 selesai (405/480) | DBI=0.5419 | Silhouette=0.5228 | 17.82s

[82/96] Menjalankan pop=50, gen=50, mut=(0.5/0.3/0.1), stagnant=10
  Seed 42 selesai (406/480) | DBI=0.5418 | Silhouette=0.5227 | 32.44s
  Seed 43 selesai (407/480) | DBI=0.5419 | Silhouette=0.5228 | 32.30s
  Seed 44 selesai (408/480) | DBI=0.5419 | Silhouette=0.5228 | 31.31s
  Seed 45 selesai (409/480) | DBI=0.5418 | Silhouette=0.5227 | 31.42s
  Seed 46 selesai (410/480) | DBI=0.5419 | Silhouette=0.5228 | 31.76s

[83/96] Menjalankan pop=50, gen=50, mut=(0.5/0.3/0.15), stagnant=5
  Seed 42 selesai (411/480) | DBI=0.5419 | Silhouette=0.5228 | 18.75s
  Seed 43 selesai (412/480) | DBI=0.5419 | Silhouette=0.5228 | 18.64s
  Seed 44 selesai (413/480) | DBI=0.5419 | Silhouette=0.5228 | 18.41s
  Seed 45 selesai (414/480) | DBI=0.5419 | Silhouette=0.5228 | 18.21s
  Seed 46 selesai (415/480) | DBI=0.5419 | Silhouette=0.5228 | 17.83s

[84/96] Menjalankan pop=50, gen=50, mut=(0.5/0.3/0.15), stagnant=10
  Seed 42 selesai (416/480) | DBI=0.5418 | Silhouette=0.5227 | 32.23s
  Seed 43 selesai (417/480) | DBI=0.5419 | Silhouette=0.5228 | 32.22s
  Seed 44 selesai (418/480) | DBI=0.5419 | Silhouette=0.5228 | 30.79s
  Seed 45 selesai (419/480) | DBI=0.5418 | Silhouette=0.5227 | 31.08s
  Seed 46 selesai (420/480) | DBI=0.5419 | Silhouette=0.5228 | 31.27s

[85/96] Menjalankan pop=50, gen=50, mut=(0.5/0.25/0.1), stagnant=5
  Seed 42 selesai (421/480) | DBI=0.5419 | Silhouette=0.5228 | 17.58s
  Seed 43 selesai (422/480) | DBI=0.5419 | Silhouette=0.5228 | 18.35s
  Seed 44 selesai (423/480) | DBI=0.5419 | Silhouette=0.5228 | 18.20s
  Seed 45 selesai (424/480) | DBI=0.5419 | Silhouette=0.5228 | 18.26s
  Seed 46 selesai (425/480) | DBI=0.5419 | Silhouette=0.5228 | 17.82s

[86/96] Menjalankan pop=50, gen=50, mut=(0.5/0.25/0.1), stagnant=10
  Seed 42 selesai (426/480) | DBI=0.5418 | Silhouette=0.5227 | 32.18s
  Seed 43 selesai (427/480) | DBI=0.5419 | Silhouette=0.5228 | 32.25s
  Seed 44 selesai (428/480) | DBI=0.5419 | Silhouette=0.5228 | 30.94s
  Seed 45 selesai (429/480) | DBI=0.5418 | Silhouette=0.5227 | 31.22s
  Seed 46 selesai (430/480) | DBI=0.5419 | Silhouette=0.5228 | 31.20s

[87/96] Menjalankan pop=50, gen=50, mut=(0.5/0.25/0.15), stagnant=5
  Seed 42 selesai (431/480) | DBI=0.5419 | Silhouette=0.5228 | 17.52s
  Seed 43 selesai (432/480) | DBI=0.5419 | Silhouette=0.5228 | 18.32s
  Seed 44 selesai (433/480) | DBI=0.5419 | Silhouette=0.5228 | 18.22s
  Seed 45 selesai (434/480) | DBI=0.5419 | Silhouette=0.5228 | 18.03s
  Seed 46 selesai (435/480) | DBI=0.5419 | Silhouette=0.5228 | 17.52s

[88/96] Menjalankan pop=50, gen=50, mut=(0.5/0.25/0.15), stagnant=10
  Seed 42 selesai (436/480) | DBI=0.5418 | Silhouette=0.5227 | 32.60s
  Seed 43 selesai (437/480) | DBI=0.5419 | Silhouette=0.5228 | 32.13s
  Seed 44 selesai (438/480) | DBI=0.5419 | Silhouette=0.5228 | 30.88s
  Seed 45 selesai (439/480) | DBI=0.5418 | Silhouette=0.5227 | 31.07s
  Seed 46 selesai (440/480) | DBI=0.5419 | Silhouette=0.5228 | 31.46s

[89/96] Menjalankan pop=50, gen=50, mut=(0.3/0.3/0.1), stagnant=5
  Seed 42 selesai (441/480) | DBI=0.5419 | Silhouette=0.5228 | 17.86s
  Seed 43 selesai (442/480) | DBI=0.5419 | Silhouette=0.5227 | 17.50s
  Seed 44 selesai (443/480) | DBI=0.5419 | Silhouette=0.5228 | 17.87s
  Seed 45 selesai (444/480) | DBI=0.5419 | Silhouette=0.5228 | 18.17s
  Seed 46 selesai (445/480) | DBI=0.5419 | Silhouette=0.5228 | 17.70s

[90/96] Menjalankan pop=50, gen=50, mut=(0.3/0.3/0.1), stagnant=10
  Seed 42 selesai (446/480) | DBI=0.5418 | Silhouette=0.5227 | 31.29s
  Seed 43 selesai (447/480) | DBI=0.5419 | Silhouette=0.5228 | 32.43s
  Seed 44 selesai (448/480) | DBI=0.5419 | Silhouette=0.5228 | 32.84s
  Seed 45 selesai (449/480) | DBI=0.5419 | Silhouette=0.5228 | 32.08s
  Seed 46 selesai (450/480) | DBI=0.5419 | Silhouette=0.5228 | 32.16s

[91/96] Menjalankan pop=50, gen=50, mut=(0.3/0.3/0.15), stagnant=5
  Seed 42 selesai (451/480) | DBI=0.5419 | Silhouette=0.5228 | 18.28s
  Seed 43 selesai (452/480) | DBI=0.5419 | Silhouette=0.5227 | 17.95s
  Seed 44 selesai (453/480) | DBI=0.5419 | Silhouette=0.5228 | 18.12s
  Seed 45 selesai (454/480) | DBI=0.5419 | Silhouette=0.5228 | 18.38s
  Seed 46 selesai (455/480) | DBI=0.5419 | Silhouette=0.5228 | 18.00s

[92/96] Menjalankan pop=50, gen=50, mut=(0.3/0.3/0.15), stagnant=10
  Seed 42 selesai (456/480) | DBI=0.5418 | Silhouette=0.5227 | 33.01s
  Seed 43 selesai (457/480) | DBI=0.5419 | Silhouette=0.5228 | 32.73s
  Seed 44 selesai (458/480) | DBI=0.5419 | Silhouette=0.5228 | 31.85s
  Seed 45 selesai (459/480) | DBI=0.5419 | Silhouette=0.5228 | 31.08s
  Seed 46 selesai (460/480) | DBI=0.5419 | Silhouette=0.5228 | 31.12s

[93/96] Menjalankan pop=50, gen=50, mut=(0.3/0.25/0.1), stagnant=5
  Seed 42 selesai (461/480) | DBI=0.5419 | Silhouette=0.5228 | 17.74s
  Seed 43 selesai (462/480) | DBI=0.5419 | Silhouette=0.5227 | 17.52s
  Seed 44 selesai (463/480) | DBI=0.5419 | Silhouette=0.5228 | 17.76s
  Seed 45 selesai (464/480) | DBI=0.5419 | Silhouette=0.5228 | 18.17s
  Seed 46 selesai (465/480) | DBI=0.5419 | Silhouette=0.5228 | 17.88s

[94/96] Menjalankan pop=50, gen=50, mut=(0.3/0.25/0.1), stagnant=10
  Seed 42 selesai (466/480) | DBI=0.5418 | Silhouette=0.5227 | 31.34s
  Seed 43 selesai (467/480) | DBI=0.5419 | Silhouette=0.5228 | 32.57s
  Seed 44 selesai (468/480) | DBI=0.5419 | Silhouette=0.5228 | 33.64s
  Seed 45 selesai (469/480) | DBI=0.5419 | Silhouette=0.5228 | 31.13s
  Seed 46 selesai (470/480) | DBI=0.5419 | Silhouette=0.5228 | 31.40s

[95/96] Menjalankan pop=50, gen=50, mut=(0.3/0.25/0.15), stagnant=5
  Seed 42 selesai (471/480) | DBI=0.5419 | Silhouette=0.5228 | 17.82s
  Seed 43 selesai (472/480) | DBI=0.5419 | Silhouette=0.5227 | 17.39s
  Seed 44 selesai (473/480) | DBI=0.5419 | Silhouette=0.5228 | 17.73s
  Seed 45 selesai (474/480) | DBI=0.5419 | Silhouette=0.5228 | 17.88s
  Seed 46 selesai (475/480) | DBI=0.5419 | Silhouette=0.5228 | 17.69s

[96/96] Menjalankan pop=50, gen=50, mut=(0.3/0.25/0.15), stagnant=10
  Seed 42 selesai (476/480) | DBI=0.5418 | Silhouette=0.5227 | 31.14s
  Seed 43 selesai (477/480) | DBI=0.5419 | Silhouette=0.5228 | 31.86s
  Seed 44 selesai (478/480) | DBI=0.5419 | Silhouette=0.5228 | 33.23s
  Seed 45 selesai (479/480) | DBI=0.5419 | Silhouette=0.5228 | 31.22s
  Seed 46 selesai (480/480) | DBI=0.5419 | Silhouette=0.5228 | 31.58s
  ✅ Excel thesis-grade disimpan: outputs/ga_tuning/run_20260628_154437/ga_tuning_results.xlsx
